[['Or Maaner E Bnaadh Tutbe', 'http://www.geetabitan.com/lyrics/O/or-maaner-e-bnaadh-tutbe.html', 'song_spider', NameError("free variable 'e' referenced before assignment in enclosing scope",)],
['Ore Toraa Jaara Shunbi Na', 'http://www.geetabitan.com/lyrics/O/ore-toraa-jaara-shunbi-na.html', 'song_spider', NameError("free variable 'e' referenced before assignment in enclosing scope",)],
['Ore Shikol Tomay Kole Kore', 'http://www.geetabitan.com/lyrics/O/ore-shikol-tomay-kole-kore.html', 'song_spider', NameError("free variable 'e' referenced before assignment in enclosing scope",)],
['Oke Dhorile To Dhora Debe', 'http://www.geetabitan.com/lyrics/O/oke-dhorile-to-dhora-debe-na.html', 'song_spider', NameError("free variable 'e' referenced before assignment in enclosing scope",)],
['Prem Esechhilo Nihshabdo', 'http://www.geetabitan.com/lyrics/P/prem-esechhilo-nihshabdo.html', 'song_spider', NameError("free variable 'e' referenced before assignment in enclosing scope",)],
['Pagla Hawar Badoldine', 'http://www.geetabitan.com/lyrics/P/pagla-hawar-badoldine.html', 'song_spider', NameError("free variable 'e' referenced before assignment in enclosing scope",)],
['Phagun Hawaay Ronge', 'http://www.geetabitan.com/lyrics/P/phagun-hawaay-ronge.html', 'song_spider', NameError("free variable 'e' referenced before assignment in enclosing scope",)],
['Phulti Jhore Gechhe Re', 'http://www.geetabitan.com/lyrics/P/phulti-jhore-gechhe-re.html', 'song_spider', NameError("free variable 'e' referenced before assignment in enclosing scope",)],
['Pothe Chole Jete Jete', 'http://www.geetabitan.com/lyrics/P/pothe-chole-jete-jete.html', 'song_spider', NameError("free variable 'e' referenced before assignment in enclosing scope",)],
['Paarbi Na Ki Jog Dite Ei', 'http://www.geetabitan.com/lyrics/P/paarbi-na-ki-jog-dite-ei.html', 'song_spider', NameError("free variable 'e' referenced before assignment in enclosing scope",)],
['Sakalere Kaachhe Daaki', 'http://www.geetabitan.com/lyrics/S/sakalere-kaachhe-daaki.html', 'song_spider', NameError("free variable 'e' referenced before assignment in enclosing scope",)],
['Shraboner Baaridhaara', 'http://www.geetabitan.com/lyrics/S/shraboner-baaridhaara.html', 'song_spider', NameError("free variable 'e' referenced before assignment in enclosing scope",)],
['Etodin Tumi Sokha', 'http://www.geetabitan.com/lyrics/E/etodin-tumi-sokha.html', 'extract_english_lyric', AttributeError("'NoneType' object has no attribute 'get_text'",)],
['Etodin Tumi Sokha', 'http://www.geetabitan.com/lyrics/E/etodin-tumi-sokha.html', 'extract_english_trans', AttributeError("'NoneType' object has no attribute 'find'",)],
['Etodin Tumi Sokha', 'http://www.geetabitan.com/lyrics/E/etodin-tumi-sokha.html', 'extract_listen', AttributeError("'NoneType' object has no attribute 'find'",)],
['Etokhone Bujhi Eli Re', 'http://www.geetabitan.com/lyrics/E/etokhone-bujhi-eli-re.html', 'extract_english_lyric', AttributeError("'NoneType' object has no attribute 'get_text'",)],
['Etokhone Bujhi Eli Re', 'http://www.geetabitan.com/lyrics/E/etokhone-bujhi-eli-re.html', 'extract_english_trans', AttributeError("'NoneType' object has no attribute 'find'",)],
['Etokhone Bujhi Eli Re', 'http://www.geetabitan.com/lyrics/E/etokhone-bujhi-eli-re.html', 'extract_listen', AttributeError("'NoneType' object has no attribute 'find'",)],
['Ebaar Rongiye Gelo', 'http://www.geetabitan.com/lyrics/E/ebaar-rongiye-gelo.html', 'extract_listen', AttributeError("'NoneType' object has no attribute 'find'",)],
['Borso Gelo Brithaa Gelo', 'http://www.geetabitan.com/lyrics/B/borso-gelo.html', 'song_spider', NameError("free variable 'e' referenced before assignment in enclosing scope",)],
['Bhakto Korichhe', 'http://www.geetabitan.com/lyrics/B/bhakto-korichhe.html', 'song_spider', NameError("free variable 'e' referenced before assignment in enclosing scope",)],
['Baachha Sahoj Kore Bol', 'http://www.geetabitan.com/lyrics/B/baachha-sahoj-kore.html', 'extract_notation', AttributeError("'NoneType' object has no attribute 'find'",)],
['Baajibe Sokhi Bnaashi', 'http://www.geetabitan.com/lyrics/B/baajibe-sokhi.html', 'song_spider', NameError("free variable 'e' referenced before assignment in enclosing scope",)],
['Baachha Tui Je Aamar', 'http://www.geetabitan.com/lyrics/B/baachha-tui-je.html', 'extract_notation', AttributeError("'NoneType' object has no attribute 'find'",)],
['Baadorbarkhon Nirodgaroja', 'http://www.geetabitan.com/lyrics/B/baadorbarkhon.html', 'extract_notation', AttributeError("'NoneType' object has no attribute 'find'",)],
['Bole Dao Jol Dao Jol', 'http://www.geetabitan.com/lyrics/B/bole-dao-jol.html', 'song_spider', NameError("free variable 'e' referenced before assignment in enclosing scope",)],
['Jaraye Aachhe Baadha', 'http://www.geetabitan.com/lyrics/J/jaraye-aachhe-baadha.html', 'song_spider', NameError("free variable 'e' referenced before assignment in enclosing scope",)],
['Aami Bohu Basonay', 'http://www.geetabitan.com/lyrics/A/aami-bohu-basonay.html', 'extract_english_trans', AttributeError("'NoneType' object has no attribute 'get_text'",)],
['Aami Bohu Basonay', 'http://www.geetabitan.com/lyrics/A/aami-bohu-basonay.html', 'extract_listen', AttributeError("'NoneType' object has no attribute 'find'",)],
['Aakashe Aaj Kon Charoner', 'http://www.geetabitan.com/lyrics/A/aakashe-aaj-kon-charoner.html', 'extract_notation', AttributeError("'NoneType' object has no attribute 'find'",)],
['Aaji Knaade Kaara', 'http://www.geetabitan.com/lyrics/A/aaji-knaade-kaara.html', 'extract_notation', AttributeError("'NoneType' object has no attribute 'find'",)],
['Aaji Pallibalika Alak', 'http://www.geetabitan.com/lyrics/A/aaji-pallibalika-alakaguchchha.html', 'extract_notation', AttributeError("'NoneType' object has no attribute 'find'",)],
['Haate Loye Deep Agonon', 'http://www.geetabitan.com/lyrics/H/haate-loye-deep.html', 'song_spider', NameError("free variable 'e' referenced before assignment in enclosing scope",)]]
